<?xml version="1.0" encoding="UTF-8"?>
<!-- Generated by org.testng.reporters.JUnitReportReporter -->
<testsuite hostname="DESKTOP-F3G8HUD" failures="0" tests="1" name="com.nopcommerce.testCases.TC_SearchCustomerByEmail_004" time="19.016" errors="0" timestamp="2020-08-18T15:50:41 CDT" skipped="0">
  <testcase classname="com.nopcommerce.testCases.TC_SearchCustomerByEmail_004" name="searchCustomerbyEmail" time="19.016"/>
  <system-out/>
</testsuite> <!-- com.nopcommerce.testCases.TC_SearchCustomerByEmail_004 -->
