<?xml version="1.0" encoding="UTF-8"?>
<!-- Generated by org.testng.reporters.JUnitReportReporter -->
<testsuite hostname="DESKTOP-F3G8HUD" failures="0" tests="4" name="com.nopcommerce.testCases.TC_LoginDDT_002" time="37.308" errors="0" timestamp="2020-08-14T17:31:14 CDT" skipped="0">
  <testcase classname="com.nopcommerce.testCases.TC_LoginDDT_002" name="loginTest" time="6.396"/>
  <system-out/>
  <testcase classname="com.nopcommerce.testCases.TC_LoginDDT_002" name="loginTest" time="17.331"/>
  <system-out/>
  <testcase classname="com.nopcommerce.testCases.TC_LoginDDT_002" name="loginTest" time="6.490"/>
  <system-out/>
  <testcase classname="com.nopcommerce.testCases.TC_LoginDDT_002" name="loginTest" time="7.091"/>
  <system-out/>
</testsuite> <!-- com.nopcommerce.testCases.TC_LoginDDT_002 -->
