<?xml version="1.0" encoding="UTF-8"?>
<!-- Generated by org.testng.reporters.JUnitReportReporter -->
<testsuite hostname="DESKTOP-F3G8HUD" failures="0" tests="1" name="com.nopcommerce.testCases.TC_LoginTest_001" time="11.810" errors="0" timestamp="2020-08-18T15:50:41 CDT" skipped="0">
  <testcase classname="com.nopcommerce.testCases.TC_LoginTest_001" name="loginTest" time="11.810"/>
  <system-out/>
</testsuite> <!-- com.nopcommerce.testCases.TC_LoginTest_001 -->
