<?xml version="1.0" encoding="UTF-8"?>
<!-- Generated by org.testng.reporters.JUnitReportReporter -->
<testsuite hostname="DESKTOP-F3G8HUD" failures="0" tests="1" name="com.nopcommerce.testCases.TC_AddCustomerTest_003" time="37.518" errors="0" timestamp="2020-08-18T15:49:33 CDT" skipped="0">
  <testcase classname="com.nopcommerce.testCases.TC_AddCustomerTest_003" name="addNewCustomer" time="37.518"/>
  <system-out/>
</testsuite> <!-- com.nopcommerce.testCases.TC_AddCustomerTest_003 -->
