<?xml version="1.0" encoding="UTF-8"?>
<!-- Generated by org.testng.reporters.JUnitReportReporter -->
<testsuite hostname="DESKTOP-F3G8HUD" failures="0" tests="1" name="com.nopcommerce.testCases.TC_SearchCustomerByName_005" time="16.907" errors="0" timestamp="2021-03-08T21:06:34 CST" skipped="0">
  <testcase classname="com.nopcommerce.testCases.TC_SearchCustomerByName_005" name="searchCustomerbyName" time="16.907"/>
  <system-out/>
</testsuite> <!-- com.nopcommerce.testCases.TC_SearchCustomerByName_005 -->
